<?xml version="1.0" encoding="UTF-8"?>
<coverage generated="1747212110883" clover="3.2.0">
  <project timestamp="1747212110883" name="All files">
    <metrics statements="7" coveredstatements="7" conditionals="2" coveredconditionals="2" methods="4" coveredmethods="4" elements="13" coveredelements="13" complexity="0" loc="7" ncloc="7" packages="1" files="1" classes="1"/>
    <file name="math_functions.js" path="/home/matteo/unige/SSGS/ssgs-projects/ssgs-calc/src/math_functions.js">
      <metrics statements="7" coveredstatements="7" conditionals="2" coveredconditionals="2" methods="4" coveredmethods="4"/>
      <line num="3" count="1" type="stmt"/>
      <line num="7" count="1" type="stmt"/>
      <line num="11" count="1" type="stmt"/>
      <line num="15" count="2" type="cond" truecount="2" falsecount="0"/>
      <line num="16" count="1" type="stmt"/>
      <line num="18" count="1" type="stmt"/>
      <line num="21" count="1" type="stmt"/>
    </file>
  </project>
</coverage>
