{"/home/matteo/unige/SSGS/ssgs-projects/ssgs-calc/src/math_functions.js": {"path":"/home/matteo/unige/SSGS/ssgs-projects/ssgs-calc/src/math_functions.js","statementMap":{"0":{"start":{"line":3,"column":4},"end":{"line":3,"column":41}},"1":{"start":{"line":7,"column":4},"end":{"line":7,"column":41}},"2":{"start":{"line":11,"column":4},"end":{"line":11,"column":41}},"3":{"start":{"line":15,"column":4},"end":{"line":17,"column":5}},"4":{"start":{"line":16,"column":8},"end":{"line":16,"column":59}},"5":{"start":{"line":18,"column":4},"end":{"line":18,"column":41}},"6":{"start":{"line":21,"column":0},"end":{"line":21,"column":53}}},"fnMap":{"0":{"name":"sum","decl":{"start":{"line":2,"column":9},"end":{"line":2,"column":12}},"loc":{"start":{"line":2,"column":19},"end":{"line":4,"column":1}},"line":2},"1":{"name":"subtract","decl":{"start":{"line":6,"column":9},"end":{"line":6,"column":17}},"loc":{"start":{"line":6,"column":24},"end":{"line":8,"column":1}},"line":6},"2":{"name":"multiply","decl":{"start":{"line":10,"column":9},"end":{"line":10,"column":17}},"loc":{"start":{"line":10,"column":24},"end":{"line":12,"column":1}},"line":10},"3":{"name":"divide","decl":{"start":{"line":14,"column":9},"end":{"line":14,"column":15}},"loc":{"start":{"line":14,"column":22},"end":{"line":19,"column":1}},"line":14}},"branchMap":{"0":{"loc":{"start":{"line":15,"column":4},"end":{"line":17,"column":5}},"type":"if","locations":[{"start":{"line":15,"column":4},"end":{"line":17,"column":5}},{"start":{},"end":{}}],"line":15}},"s":{"0":1,"1":1,"2":1,"3":2,"4":1,"5":1,"6":1},"f":{"0":1,"1":1,"2":1,"3":2},"b":{"0":[1,1]},"_coverageSchema":"1a1c01bbd47fc00a2c39e90264f33305004495a9","hash":"004e6aa15447ef523443e8914130bce2d9c66009"}
}
