{"/home/matteo/unige/SSGS/ssgs-projects/ssgs-calc/math.js": {"path":"/home/matteo/unige/SSGS/ssgs-projects/ssgs-calc/math.js","statementMap":{"0":{"start":{"line":3,"column":4},"end":{"line":3,"column":41}},"1":{"start":{"line":7,"column":4},"end":{"line":7,"column":41}},"2":{"start":{"line":11,"column":4},"end":{"line":11,"column":41}},"3":{"start":{"line":15,"column":4},"end":{"line":17,"column":5}},"4":{"start":{"line":16,"column":8},"end":{"line":16,"column":59}},"5":{"start":{"line":18,"column":4},"end":{"line":18,"column":41}},"6":{"start":{"line":22,"column":0},"end":{"line":22,"column":53}},"7":{"start":{"line":25,"column":17},"end":{"line":25,"column":74}},"8":{"start":{"line":27,"column":11},"end":{"line":27,"column":12}},"9":{"start":{"line":28,"column":16},"end":{"line":28,"column":18}},"10":{"start":{"line":29,"column":18},"end":{"line":29,"column":20}},"11":{"start":{"line":30,"column":19},"end":{"line":30,"column":21}},"12":{"start":{"line":32,"column":0},"end":{"line":32,"column":164}},"13":{"start":{"line":34,"column":0},"end":{"line":88,"column":3}},"14":{"start":{"line":35,"column":16},"end":{"line":35,"column":38}},"15":{"start":{"line":37,"column":4},"end":{"line":87,"column":5}},"16":{"start":{"line":38,"column":8},"end":{"line":44,"column":9}},"17":{"start":{"line":39,"column":12},"end":{"line":39,"column":30}},"18":{"start":{"line":40,"column":12},"end":{"line":40,"column":107}},"19":{"start":{"line":41,"column":12},"end":{"line":41,"column":19}},"20":{"start":{"line":43,"column":12},"end":{"line":43,"column":86}},"21":{"start":{"line":45,"column":11},"end":{"line":87,"column":5}},"22":{"start":{"line":46,"column":8},"end":{"line":46,"column":28}},"23":{"start":{"line":47,"column":8},"end":{"line":47,"column":52}},"24":{"start":{"line":48,"column":8},"end":{"line":48,"column":58}},"25":{"start":{"line":49,"column":8},"end":{"line":49,"column":15}},"26":{"start":{"line":50,"column":11},"end":{"line":87,"column":5}},"27":{"start":{"line":51,"column":8},"end":{"line":51,"column":29}},"28":{"start":{"line":52,"column":8},"end":{"line":52,"column":54}},"29":{"start":{"line":54,"column":21},"end":{"line":54,"column":22}},"30":{"start":{"line":56,"column":8},"end":{"line":81,"column":9}},"31":{"start":{"line":58,"column":16},"end":{"line":58,"column":56}},"32":{"start":{"line":59,"column":16},"end":{"line":59,"column":49}},"33":{"start":{"line":60,"column":16},"end":{"line":60,"column":22}},"34":{"start":{"line":62,"column":16},"end":{"line":62,"column":61}},"35":{"start":{"line":63,"column":16},"end":{"line":63,"column":49}},"36":{"start":{"line":64,"column":16},"end":{"line":64,"column":22}},"37":{"start":{"line":66,"column":16},"end":{"line":66,"column":61}},"38":{"start":{"line":67,"column":16},"end":{"line":67,"column":49}},"39":{"start":{"line":68,"column":16},"end":{"line":68,"column":22}},"40":{"start":{"line":70,"column":16},"end":{"line":76,"column":17}},"41":{"start":{"line":71,"column":20},"end":{"line":71,"column":63}},"42":{"start":{"line":72,"column":20},"end":{"line":72,"column":53}},"43":{"start":{"line":74,"column":20},"end":{"line":74,"column":47}},"44":{"start":{"line":75,"column":20},"end":{"line":75,"column":27}},"45":{"start":{"line":77,"column":16},"end":{"line":77,"column":22}},"46":{"start":{"line":79,"column":16},"end":{"line":79,"column":90}},"47":{"start":{"line":80,"column":16},"end":{"line":80,"column":22}},"48":{"start":{"line":83,"column":8},"end":{"line":86,"column":9}},"49":{"start":{"line":84,"column":12},"end":{"line":84,"column":99}},"50":{"start":{"line":85,"column":12},"end":{"line":85,"column":27}}},"fnMap":{"0":{"name":"sum","decl":{"start":{"line":2,"column":9},"end":{"line":2,"column":12}},"loc":{"start":{"line":2,"column":19},"end":{"line":4,"column":1}},"line":2},"1":{"name":"subtract","decl":{"start":{"line":6,"column":9},"end":{"line":6,"column":17}},"loc":{"start":{"line":6,"column":24},"end":{"line":8,"column":1}},"line":6},"2":{"name":"multiply","decl":{"start":{"line":10,"column":9},"end":{"line":10,"column":17}},"loc":{"start":{"line":10,"column":24},"end":{"line":12,"column":1}},"line":10},"3":{"name":"divide","decl":{"start":{"line":14,"column":9},"end":{"line":14,"column":15}},"loc":{"start":{"line":14,"column":22},"end":{"line":19,"column":1}},"line":14},"4":{"name":"(anonymous_4)","decl":{"start":{"line":34,"column":25},"end":{"line":34,"column":26}},"loc":{"start":{"line":34,"column":35},"end":{"line":88,"column":1}},"line":34}},"branchMap":{"0":{"loc":{"start":{"line":15,"column":4},"end":{"line":17,"column":5}},"type":"if","locations":[{"start":{"line":15,"column":4},"end":{"line":17,"column":5}},{"start":{},"end":{}}],"line":15},"1":{"loc":{"start":{"line":37,"column":4},"end":{"line":87,"column":5}},"type":"if","locations":[{"start":{"line":37,"column":4},"end":{"line":87,"column":5}},{"start":{"line":45,"column":11},"end":{"line":87,"column":5}}],"line":37},"2":{"loc":{"start":{"line":38,"column":8},"end":{"line":44,"column":9}},"type":"if","locations":[{"start":{"line":38,"column":8},"end":{"line":44,"column":9}},{"start":{"line":42,"column":15},"end":{"line":44,"column":9}}],"line":38},"3":{"loc":{"start":{"line":38,"column":12},"end":{"line":38,"column":76}},"type":"binary-expr","locations":[{"start":{"line":38,"column":12},"end":{"line":38,"column":25}},{"start":{"line":38,"column":29},"end":{"line":38,"column":42}},{"start":{"line":38,"column":46},"end":{"line":38,"column":59}},{"start":{"line":38,"column":63},"end":{"line":38,"column":76}}],"line":38},"4":{"loc":{"start":{"line":45,"column":11},"end":{"line":87,"column":5}},"type":"if","locations":[{"start":{"line":45,"column":11},"end":{"line":87,"column":5}},{"start":{"line":50,"column":11},"end":{"line":87,"column":5}}],"line":45},"5":{"loc":{"start":{"line":50,"column":11},"end":{"line":87,"column":5}},"type":"if","locations":[{"start":{"line":50,"column":11},"end":{"line":87,"column":5}},{"start":{},"end":{}}],"line":50},"6":{"loc":{"start":{"line":56,"column":8},"end":{"line":81,"column":9}},"type":"switch","locations":[{"start":{"line":57,"column":12},"end":{"line":60,"column":22}},{"start":{"line":61,"column":12},"end":{"line":64,"column":22}},{"start":{"line":65,"column":12},"end":{"line":68,"column":22}},{"start":{"line":69,"column":12},"end":{"line":77,"column":22}},{"start":{"line":78,"column":12},"end":{"line":80,"column":22}}],"line":56},"7":{"loc":{"start":{"line":83,"column":8},"end":{"line":86,"column":9}},"type":"if","locations":[{"start":{"line":83,"column":8},"end":{"line":86,"column":9}},{"start":{},"end":{}}],"line":83},"8":{"loc":{"start":{"line":83,"column":12},"end":{"line":83,"column":63}},"type":"binary-expr","locations":[{"start":{"line":83,"column":12},"end":{"line":83,"column":29}},{"start":{"line":83,"column":33},"end":{"line":83,"column":63}}],"line":83}},"s":{"0":1,"1":1,"2":1,"3":2,"4":1,"5":1,"6":1,"7":1,"8":1,"9":1,"10":1,"11":1,"12":1,"13":1,"14":0,"15":0,"16":0,"17":0,"18":0,"19":0,"20":0,"21":0,"22":0,"23":0,"24":0,"25":0,"26":0,"27":0,"28":0,"29":0,"30":0,"31":0,"32":0,"33":0,"34":0,"35":0,"36":0,"37":0,"38":0,"39":0,"40":0,"41":0,"42":0,"43":0,"44":0,"45":0,"46":0,"47":0,"48":0,"49":0,"50":0},"f":{"0":1,"1":1,"2":1,"3":2,"4":0},"b":{"0":[1,1],"1":[0,0],"2":[0,0],"3":[0,0,0,0],"4":[0,0],"5":[0,0],"6":[0,0,0,0,0],"7":[0,0],"8":[0,0]},"_coverageSchema":"1a1c01bbd47fc00a2c39e90264f33305004495a9","hash":"a8d0aee6adec644eb645bdfefa5ae68c86602ea5"}
}
